{
  "stats": {
    "suites": 1,
    "tests": 1,
    "passes": 1,
    "pending": 0,
    "failures": 0,
    "start": "2024-08-07T07:06:54.440Z",
    "end": "2024-08-07T07:07:00.834Z",
    "duration": 6394,
    "testsRegistered": 1,
    "passPercent": 100,
    "pendingPercent": 0,
    "other": 0,
    "hasOther": false,
    "skipped": 0,
    "hasSkipped": false
  },
  "results": [
    {
      "uuid": "d445ff35-40a7-40e8-bff3-1f3deb926fa5",
      "title": "",
      "fullFile": "cypress\\integration\\example\\test11-Validate attribute properties.js",
      "file": "cypress\\integration\\example\\test11-Validate attribute properties.js",
      "beforeHooks": [],
      "afterHooks": [],
      "tests": [],
      "suites": [
        {
          "uuid": "18f1fc73-6425-4458-a889-bea1fb59b048",
          "title": "My eleventh test suite",
          "fullFile": "",
          "file": "",
          "beforeHooks": [],
          "afterHooks": [],
          "tests": [
            {
              "title": "My eleventh test case",
              "fullTitle": "My eleventh test suite My eleventh test case",
              "timedOut": null,
              "duration": 1898,
              "state": "passed",
              "speed": "fast",
              "pass": true,
              "fail": false,
              "pending": false,
              "context": null,
              "code": "cy.visit('https://rahulshettyacademy.com/angularpractice/');\ncy.get('input[name=\"name\"]:nth-child(2)').type(this.data.name);\ncy.get('select').select(this.data.gender);\n//TWO WAY data binding - auto-fill\ncy.get(':nth-child(4) > .ng-untouched').should('have.value', this.data.name);\n//Check min length of 2 validation for Name field\ncy.get('input[name=\"name\"]:nth-child(2)').should('have.attr', 'minlength', '2'); //minlength is attribute taken from DOM \n//Validate if property is disabled or not\ncy.get('#inlineRadio3').should('be.disabled');",
              "err": {},
              "uuid": "58c0da30-4a3b-4868-87ed-5b34e4672323",
              "parentUUID": "18f1fc73-6425-4458-a889-bea1fb59b048",
              "isHook": false,
              "skipped": false
            }
          ],
          "suites": [],
          "passes": [
            "58c0da30-4a3b-4868-87ed-5b34e4672323"
          ],
          "failures": [],
          "pending": [],
          "skipped": [],
          "duration": 1898,
          "root": false,
          "rootEmpty": false,
          "_timeout": 2000
        }
      ],
      "passes": [],
      "failures": [],
      "pending": [],
      "skipped": [],
      "duration": 0,
      "root": true,
      "rootEmpty": true,
      "_timeout": 2000
    }
  ],
  "meta": {
    "mocha": {
      "version": "7.0.1"
    },
    "mochawesome": {
      "options": {
        "quiet": false,
        "reportFilename": "mochawesome",
        "saveHtml": false,
        "saveJson": true,
        "consoleReporter": "spec",
        "useInlineDiffs": false,
        "code": true
      },
      "version": "7.1.3"
    },
    "marge": {
      "options": {
        "charts": true,
        "reportPageTitle": "Mochawesome Report",
        "embeddedScreenshots": true,
        "inlineAssets": true,
        "saveAllAttempts": false,
        "overwrite": false,
        "html": false,
        "json": true,
        "reportDir": "cypress\\reports\\html\\.jsons"
      },
      "version": "6.2.0"
    }
  }
}