{
  "stats": {
    "suites": 1,
    "tests": 1,
    "passes": 0,
    "pending": 0,
    "failures": 1,
    "start": "2025-02-11T14:49:30.875Z",
    "end": "2025-02-11T14:49:54.421Z",
    "duration": 23546,
    "testsRegistered": 1,
    "passPercent": 0,
    "pendingPercent": 0,
    "other": 0,
    "hasOther": false,
    "skipped": 0,
    "hasSkipped": false
  },
  "results": [
    {
      "uuid": "3ab4155f-8aaf-484a-b793-c4163b5a1546",
      "title": "",
      "fullFile": "cypress\\integration\\xMatters\\xMatters-Incident Types-Create.js",
      "file": "cypress\\integration\\xMatters\\xMatters-Incident Types-Create.js",
      "beforeHooks": [],
      "afterHooks": [],
      "tests": [],
      "suites": [
        {
          "uuid": "69c1fa35-3279-4c7d-865f-cbeab7085966",
          "title": "Incident Type suite",
          "fullFile": "",
          "file": "",
          "beforeHooks": [],
          "afterHooks": [],
          "tests": [
            {
              "title": "Create Incident Type",
              "fullTitle": "Incident Type suite Create Incident Type",
              "timedOut": null,
              "duration": 300,
              "state": "failed",
              "speed": null,
              "pass": false,
              "fail": true,
              "pending": false,
              "context": "{\n  \"title\": \"cypress-mochawesome-reporter-screenshots\",\n  \"value\": [\n    [\n      \"\\\\xMatters-Incident Types-Create.js\\\\Incident Type suite -- Create Incident Type (failed).png\"\n    ],\n    [\n      \"\\\\xMatters-Incident Types-Create.js\\\\Incident Type suite -- Create Incident Type (failed) (attempt 2).png\"\n    ]\n  ]\n}",
              "code": "cy.visit(\"https://flow-company.tst.xmatters.com/xmatters/signOn.do\");\n//Login Page \nvar loginPage = new _LoginPageXMatters[\"default\"]();\nloginPage.getEmailEditBox().type(this.data.email);\nloginPage.getPasswordEditBox().type(this.data.password);\nloginPage.getLoginButton();\n//Navigate Incidents menu > Incident Types sub-menu\nvar incidentsMenu = new _SideMenuIncidentsXMatters[\"default\"]();\nincidentsMenu.getIncidentMenu();\nincidentsMenu.getIncidentTypes();\ncy.get('.Header-module__headerText--T3S8m > span').should('have.text', 'Incident Types'); //Page title assertion\ncy.get('[data-testid=\"IncidentTypes-AddIncidentType-button\"]').click(); //Add Incident Type button        \ncy.get('.AddIncidentTypeSidePanel-module__title--yMqFb').should('have.text', \"Create Incident Type\"); //side drawer title assertion\ncy.get('input[id=\"name\"]').type(this.data.incType);\n//Validate unsaved changes pop-up\n//Ok Button\ncy.get('[data-testid=\"AddIncidentTypeSidePanel-closeBtn\"] > span').click();\ncy.get('.ChickenExit-module__title--Pj1zZ').should('have.text', \"Unsaved Changes\");\ncy.get('.ChickenExit-module__content--XYeC2').should('have.text', \"Unsaved incident type will be discarded. Are you sure you want to navigate away?\");\ncy.get('[data-testid=\"button-confirm\"]').click();\n//Close button\ncy.get('[data-testid=\"IncidentTypes-AddIncidentType-button\"]').click();\ncy.get('input[id=\"name\"]').type(this.data.incType);\ncy.get('[data-testid=\"AddIncidentTypeSidePanel-closeBtn\"] > span').click();\ncy.get('[data-testid=\"button-abort\"]').click();\ncy.get('.SidePanel-module__content--bUMY5').should('be.visible');\n//Create Incident Type\ncy.get('[data-testid=\"IncidentConsoleWidgetCheckboxes-affected_sites-field\"] > .Checkbox_module__svgWrap--59369').then(function ($el) {\n  cy.wrap($el).click();\n});\ncy.get('[data-testid=\"AddIncidentTypeSidePanel-addBtn\"]').should('be.enabled').click();\ncy.get('.Toast-module__toastLabel--UkY69').should('be.visible').contains('Incident type added.');\n//Unique incident type name validation - validation message, Create button disabled\ncy.get('[data-testid=\"IncidentTypes-AddIncidentType-button\"]').click(); //Add Incident Type button        \ncy.get('input[id=\"name\"]').type(this.data.incType);\n//Check for unique name validation message\ncy.get('[id=\"name_validation\"]').should('have.text', \"This name is already in use. All incident types must have unique names.\");\n//Create button should be disabled\ncy.get('[data-testid=\"AddIncidentTypeSidePanel-addBtn\"]').should('be.disabled');\ncy.get('[data-testid=\"AddIncidentTypeSidePanel-closeBtn\"]').click();",
              "err": {
                "message": "TypeError: Cannot read properties of undefined (reading 'email')",
                "estack": "TypeError: Cannot read properties of undefined (reading 'email')\n    at Context.eval (cypress/integration/xMatters/xMatters-Incident Types-Create.js:23:51)",
                "diff": null
              },
              "uuid": "d15cf008-c5b0-4077-9740-62e5a7203b67",
              "parentUUID": "69c1fa35-3279-4c7d-865f-cbeab7085966",
              "isHook": false,
              "skipped": false
            }
          ],
          "suites": [],
          "passes": [],
          "failures": [
            "d15cf008-c5b0-4077-9740-62e5a7203b67"
          ],
          "pending": [],
          "skipped": [],
          "duration": 300,
          "root": false,
          "rootEmpty": false,
          "_timeout": 2000
        }
      ],
      "passes": [],
      "failures": [],
      "pending": [],
      "skipped": [],
      "duration": 0,
      "root": true,
      "rootEmpty": true,
      "_timeout": 2000
    }
  ],
  "meta": {
    "mocha": {
      "version": "7.0.1"
    },
    "mochawesome": {
      "options": {
        "quiet": false,
        "reportFilename": "mochawesome",
        "saveHtml": false,
        "saveJson": true,
        "consoleReporter": "spec",
        "useInlineDiffs": false,
        "code": true
      },
      "version": "7.1.3"
    },
    "marge": {
      "options": {
        "charts": true,
        "reportPageTitle": "Mochawesome Report",
        "embeddedScreenshots": true,
        "inlineAssets": true,
        "saveAllAttempts": false,
        "overwrite": false,
        "html": false,
        "json": true,
        "reportDir": "cypress\\reports\\html\\.jsons"
      },
      "version": "6.2.0"
    }
  }
}