{
  "stats": {
    "suites": 1,
    "tests": 1,
    "passes": 1,
    "pending": 0,
    "failures": 0,
    "start": "2024-08-07T07:06:28.668Z",
    "end": "2024-08-07T07:06:38.527Z",
    "duration": 9859,
    "testsRegistered": 1,
    "passPercent": 100,
    "pendingPercent": 0,
    "other": 0,
    "hasOther": false,
    "skipped": 0,
    "hasSkipped": false
  },
  "results": [
    {
      "uuid": "48cc1662-4f41-41e1-a2bb-373469a76d62",
      "title": "",
      "fullFile": "cypress\\integration\\example\\test1.js",
      "file": "cypress\\integration\\example\\test1.js",
      "beforeHooks": [],
      "afterHooks": [],
      "tests": [],
      "suites": [
        {
          "uuid": "26c7bd10-66fb-4b36-bc0a-90f1e8e57831",
          "title": "My first test suite",
          "fullFile": "",
          "file": "",
          "beforeHooks": [],
          "afterHooks": [],
          "tests": [
            {
              "title": "My first test case",
              "fullTitle": "My first test suite My first test case",
              "timedOut": null,
              "duration": 5564,
              "state": "passed",
              "speed": "medium",
              "pass": true,
              "fail": false,
              "pending": false,
              "context": null,
              "code": "cy.visit('https://rahulshettyacademy.com/seleniumPractise/#/'); //global command to invoke cypress commands  \ncy.get('.search-keyword').type('ca');\ncy.wait(2000);\ncy.get('.product:visible').should('have.length', 4);\n//ALIASING with 'as' to replace multiple locators with one alias\ncy.get('.products').as('productsLocator');\ncy.get('@productsLocator').find('.product').should('have.length', 4); //find product within products; scope defined to avoid unwanted element selection\ncy.get('@productsLocator').find('.product').eq(2).contains('ADD TO CART').click(); //select second product\n//iterate through all returned product and add cashwes to cart\ncy.get('@productsLocator').find('.product').each(function ($e1, index, $list) {\n  var vegName = $e1.find('h4.product-name').text(); //define constant\n  if (vegName.includes('Cashews')) {\n    cy.wrap($e1).find('button').click();\n  }\n});\ncy.get('.brand').then(function (logoelement) {\n  cy.log(logoelement.text()); //log will bring output\n});\n//cy.log(logo.text()) \n//'text()' is a jquery method; returns TEXT content of selected element\n//ASERT with 'should'\ncy.get('.brand').should('have.text', 'GREENKART');",
              "err": {},
              "uuid": "812565fa-1116-4a8d-9692-88f77fea08b2",
              "parentUUID": "26c7bd10-66fb-4b36-bc0a-90f1e8e57831",
              "isHook": false,
              "skipped": false
            }
          ],
          "suites": [],
          "passes": [
            "812565fa-1116-4a8d-9692-88f77fea08b2"
          ],
          "failures": [],
          "pending": [],
          "skipped": [],
          "duration": 5564,
          "root": false,
          "rootEmpty": false,
          "_timeout": 2000
        }
      ],
      "passes": [],
      "failures": [],
      "pending": [],
      "skipped": [],
      "duration": 0,
      "root": true,
      "rootEmpty": true,
      "_timeout": 2000
    }
  ],
  "meta": {
    "mocha": {
      "version": "7.0.1"
    },
    "mochawesome": {
      "options": {
        "quiet": false,
        "reportFilename": "mochawesome",
        "saveHtml": false,
        "saveJson": true,
        "consoleReporter": "spec",
        "useInlineDiffs": false,
        "code": true
      },
      "version": "7.1.3"
    },
    "marge": {
      "options": {
        "charts": true,
        "reportPageTitle": "Mochawesome Report",
        "embeddedScreenshots": true,
        "inlineAssets": true,
        "saveAllAttempts": false,
        "overwrite": false,
        "html": false,
        "json": true,
        "reportDir": "cypress\\reports\\html\\.jsons"
      },
      "version": "6.2.0"
    }
  }
}